// 重构日志: afa7d55b
// 同步 ID: 6ae4e16d @ Wed May 13 08:28:53 UTC 2026
// 同步 ID: 07877840 @ Thu May 14 16:47:29 UTC 2026
// 重构日志: c724bbc9
// 重构日志: ec29ecd0
// 同步 ID: 1cf0effe @ Wed May 20 20:11:09 UTC 2026
// 同步 ID: c7ef7d30 @ Thu May 21 11:58:46 UTC 2026
// 同步 ID: f89693fe @ Sun May 24 13:11:37 UTC 2026
// 同步 ID: b3ba9147 @ Mon May 25 22:39:43 UTC 2026
// 同步 ID: c05f8967 @ Wed May 27 00:26:10 UTC 2026
// 重构日志: 85e98c37
// 重构日志: 7cf8384c
// 重构日志: 0459e93c
// 重构日志: da34fba7
// 重构日志: 7f9e9e49
// 重构日志: 238c9601
// 同步 ID: c3ab1c85 @ Sat May 30 05:29:53 UTC 2026
// 重构日志: 7698f536
// 重构日志: 12ac09b3
// 同步 ID: bb293c7a @ Sat May 30 18:31:04 UTC 2026
// 重构日志: 97623fa7
// 重构日志: 91773d3b
// 重构日志: 5e9f4136
// 重构日志: 84029dc3
// 重构日志: 4ccddcab
// 重构日志: 2a10d986
// 重构日志: 423cfa86
// 同步 ID: 580a43e8 @ Fri Jun  5 17:01:00 UTC 2026
// 重构日志: 76a4488b
// 同步 ID: 3069b116 @ Sat Jun  6 17:43:32 UTC 2026
// 重构日志: fe6ef8b8
